<?xml version="1.0" encoding="UTF-8"?>
<!-- Generated by org.testng.reporters.JUnitXMLReporter -->
<testsuite ignored="3" hostname="JONAS" failures="0" tests="1" name="Test" time="0.192" errors="0" timestamp="2022-11-03T19:45:07 IST">
  <testcase classname="com.amul.testng.GroupsConcept" name="t4" time="0.014"/>
  <testcase classname="com.amul.testng.GroupsConcept" name="t3" time="0.0">
    <ignored/>
  </testcase> <!-- t3 -->
  <testcase classname="com.amul.testng.GroupsConcept" name="t2" time="0.0">
    <ignored/>
  </testcase> <!-- t2 -->
  <testcase classname="com.amul.testng.GroupsConcept" name="t1" time="0.0">
    <ignored/>
  </testcase> <!-- t1 -->
</testsuite> <!-- Test -->
