<?xml version="1.0" encoding="UTF-8"?>
<testsuite xmlns:xsi="http://www.w3.org/2001/XMLSchema-instance" xsi:noNamespaceSchemaLocation="https://maven.apache.org/surefire/maven-surefire-plugin/xsd/surefire-test-report.xsd" name="com.amul.SeliniumP.FaceBookLoginPageTest" time="2.017" tests="3" errors="0" skipped="2" failures="1">
  <properties>
[...]
</properties>
  <testcase name="setUp" classname="com.amul.SeliniumP.FaceBookLoginPageTest" time="1.716">
    <failure message="There was an error creating WebDriver object for Safari" type="io.github.bonigarcia.wdm.config.WebDriverManagerException">io.github.bonigarcia.wdm.config.WebDriverManagerException: There was an error creating WebDriver object for Safari
	at com.amul.SeliniumP.FaceBookLoginPageTest.setUp(FaceBookLoginPageTest.java:15)
Caused by: java.lang.reflect.InvocationTargetException
	at com.amul.SeliniumP.FaceBookLoginPageTest.setUp(FaceBookLoginPageTest.java:15)
Caused by: org.openqa.selenium.WebDriverException: 
Unable to find driver executable: \usr\bin\safaridriver(SafariDriver requires Safari 10 running on OSX El Capitan or greater.)
Build info: version: '4.4.0', revision: 'e5c75ed026a'
System info: host: 'JONAS', ip: '192.168.43.82', os.name: 'Windows 10', os.arch: 'amd64', os.version: '10.0', java.version: '17'
Driver info: driver.version: SafariDriver
	at com.amul.SeliniumP.FaceBookLoginPageTest.setUp(FaceBookLoginPageTest.java:15)
</failure>
    <system-err><![CDATA[SLF4J: Failed to load class "org.slf4j.impl.StaticLoggerBinder".
SLF4J: Defaulting to no-operation (NOP) logger implementation
SLF4J: See http://www.slf4j.org/codes.html#StaticLoggerBinder for further details.
]]></system-err>
  </testcase>
  <testcase name="loginTest" classname="com.amul.SeliniumP.FaceBookLoginPageTest" time="0">
    <skipped message="There was an error creating WebDriver object for Safari"/>
  </testcase>
  <testcase name="tearDown" classname="com.amul.SeliniumP.FaceBookLoginPageTest" time="0">
    <skipped/>
  </testcase>
</testsuite>