<?xml version="1.0" encoding="UTF-8"?>
<testng-results ignored="0" total="3" passed="3" failed="0" skipped="0">
  <reporter-output>
  </reporter-output>
  <suite started-at="2022-11-04T12:04:51 IST" name="Suite" finished-at="2022-11-04T12:07:13 IST" duration-ms="141801">
    <groups>
    </groups>
    <test started-at="2022-11-04T12:04:51 IST" name="TestChrome" finished-at="2022-11-04T12:06:20 IST" duration-ms="88446">
      <class name="com.amul.testng.CrossBrowserTesting">
        <test-method is-config="true" signature="setUp(java.lang.String)[pri:0, instance:com.amul.testng.CrossBrowserTesting@5ba3f27a]" started-at="2022-11-04T12:04:51 IST" name="setUp" finished-at="2022-11-04T12:06:07 IST" duration-ms="75465" status="PASS">
          <params>
            <param index="0">
              <value>
                <![CDATA[chrome]]>
              </value>
            </param>
          </params>
          <reporter-output>
          </reporter-output>
        </test-method> <!-- setUp -->
        <test-method signature="verifyTitle()[pri:0, instance:com.amul.testng.CrossBrowserTesting@5ba3f27a]" started-at="2022-11-04T12:06:07 IST" name="verifyTitle" finished-at="2022-11-04T12:06:19 IST" duration-ms="11960" status="PASS">
          <reporter-output>
          </reporter-output>
        </test-method> <!-- verifyTitle -->
        <test-method is-config="true" signature="tearDown()[pri:0, instance:com.amul.testng.CrossBrowserTesting@5ba3f27a]" started-at="2022-11-04T12:06:19 IST" name="tearDown" finished-at="2022-11-04T12:06:20 IST" duration-ms="909" status="PASS">
          <reporter-output>
          </reporter-output>
        </test-method> <!-- tearDown -->
      </class> <!-- com.amul.testng.CrossBrowserTesting -->
    </test> <!-- TestChrome -->
    <test started-at="2022-11-04T12:06:20 IST" name="TestFireFox" finished-at="2022-11-04T12:06:52 IST" duration-ms="31975">
      <class name="com.amul.testng.CrossBrowserTesting">
        <test-method is-config="true" signature="setUp(java.lang.String)[pri:0, instance:com.amul.testng.CrossBrowserTesting@4d154ccd]" started-at="2022-11-04T12:06:20 IST" name="setUp" finished-at="2022-11-04T12:06:42 IST" duration-ms="22427" status="PASS">
          <params>
            <param index="0">
              <value>
                <![CDATA[FF]]>
              </value>
            </param>
          </params>
          <reporter-output>
          </reporter-output>
        </test-method> <!-- setUp -->
        <test-method signature="verifyTitle()[pri:0, instance:com.amul.testng.CrossBrowserTesting@4d154ccd]" started-at="2022-11-04T12:06:42 IST" name="verifyTitle" finished-at="2022-11-04T12:06:49 IST" duration-ms="7204" status="PASS">
          <reporter-output>
          </reporter-output>
        </test-method> <!-- verifyTitle -->
        <test-method is-config="true" signature="tearDown()[pri:0, instance:com.amul.testng.CrossBrowserTesting@4d154ccd]" started-at="2022-11-04T12:06:49 IST" name="tearDown" finished-at="2022-11-04T12:06:52 IST" duration-ms="2328" status="PASS">
          <reporter-output>
          </reporter-output>
        </test-method> <!-- tearDown -->
      </class> <!-- com.amul.testng.CrossBrowserTesting -->
    </test> <!-- TestFireFox -->
    <test started-at="2022-11-04T12:06:52 IST" name="TestOpera" finished-at="2022-11-04T12:07:13 IST" duration-ms="21311">
      <class name="com.amul.testng.CrossBrowserTesting">
        <test-method is-config="true" signature="setUp(java.lang.String)[pri:0, instance:com.amul.testng.CrossBrowserTesting@38cee291]" started-at="2022-11-04T12:06:52 IST" name="setUp" finished-at="2022-11-04T12:07:08 IST" duration-ms="16156" status="PASS">
          <params>
            <param index="0">
              <value>
                <![CDATA[opera]]>
              </value>
            </param>
          </params>
          <reporter-output>
          </reporter-output>
        </test-method> <!-- setUp -->
        <test-method signature="verifyTitle()[pri:0, instance:com.amul.testng.CrossBrowserTesting@38cee291]" started-at="2022-11-04T12:07:08 IST" name="verifyTitle" finished-at="2022-11-04T12:07:12 IST" duration-ms="4481" status="PASS">
          <reporter-output>
          </reporter-output>
        </test-method> <!-- verifyTitle -->
        <test-method is-config="true" signature="tearDown()[pri:0, instance:com.amul.testng.CrossBrowserTesting@38cee291]" started-at="2022-11-04T12:07:12 IST" name="tearDown" finished-at="2022-11-04T12:07:13 IST" duration-ms="659" status="PASS">
          <reporter-output>
          </reporter-output>
        </test-method> <!-- tearDown -->
      </class> <!-- com.amul.testng.CrossBrowserTesting -->
    </test> <!-- TestOpera -->
  </suite> <!-- Suite -->
</testng-results>
